<?xml version="1.0" encoding="utf-8"?><testsuites name="pytest tests"><testsuite name="pytest" errors="0" failures="1" skipped="0" tests="12" time="1.945" timestamp="2026-01-22T03:07:26.574223+00:00" hostname="agent-env-5b95e0fd-24c2-4638-aa73-0ea585ff9acb"><testcase classname="tests.test_bug_fixes.TestAuthAndSetup" name="test_login_success" time="0.289" /><testcase classname="tests.test_bug_fixes.TestAnalysisEndpoints" name="test_get_job_analyses_no_objectid_error" time="0.300" /><testcase classname="tests.test_bug_fixes.TestAnalysisEndpoints" name="test_analysis_run_stream_endpoint_exists" time="0.043" /><testcase classname="tests.test_bug_fixes.TestAnalysisEndpoints" name="test_bulk_delete_endpoint" time="0.036" /><testcase classname="tests.test_bug_fixes.TestCandidateEndpoints" name="test_check_duplicates_endpoint" time="0.338" /><testcase classname="tests.test_bug_fixes.TestCandidateEndpoints" name="test_list_candidates" time="0.039" /><testcase classname="tests.test_bug_fixes.TestCandidateEndpoints" name="test_search_candidates" time="0.035"><failure message="AssertionError: Search candidates failed: {&quot;detail&quot;:&quot;Candidate not found&quot;}&#10;assert 404 == 200&#10; +  where 404 = &lt;Response [404]&gt;.status_code">tests/test_bug_fixes.py:234: in test_search_candidates
    assert response.status_code == 200, f"Search candidates failed: {response.text}"
E   AssertionError: Search candidates failed: {"detail":"Candidate not found"}
E   assert 404 == 200
E    +  where 404 = &lt;Response [404]&gt;.status_code</failure></testcase><testcase classname="tests.test_bug_fixes.TestJobEndpoints" name="test_list_jobs" time="0.298" /><testcase classname="tests.test_bug_fixes.TestJobEndpoints" name="test_get_specific_job" time="0.038" /><testcase classname="tests.test_bug_fixes.TestSerializationIntegrity" name="test_company_endpoint_serialization" time="0.305" /><testcase classname="tests.test_bug_fixes.TestSerializationIntegrity" name="test_settings_endpoint_serialization" time="0.048" /><testcase classname="tests.test_bug_fixes.TestSerializationIntegrity" name="test_dashboard_stats_serialization" time="0.044" /></testsuite></testsuites>