<?xml version="1.0" encoding="utf-8"?><testsuites name="pytest tests"><testsuite name="pytest" errors="0" failures="0" skipped="0" tests="12" time="1.945" timestamp="2026-01-22T03:11:00.510692+00:00" hostname="agent-env-5b95e0fd-24c2-4638-aa73-0ea585ff9acb"><testcase classname="tests.test_bug_fixes.TestAuthAndSetup" name="test_login_success" time="0.309" /><testcase classname="tests.test_bug_fixes.TestAnalysisEndpoints" name="test_get_job_analyses_no_objectid_error" time="0.313" /><testcase classname="tests.test_bug_fixes.TestAnalysisEndpoints" name="test_analysis_run_stream_endpoint_exists" time="0.042" /><testcase classname="tests.test_bug_fixes.TestAnalysisEndpoints" name="test_bulk_delete_endpoint" time="0.044" /><testcase classname="tests.test_bug_fixes.TestCandidateEndpoints" name="test_check_duplicates_endpoint" time="0.367" /><testcase classname="tests.test_bug_fixes.TestCandidateEndpoints" name="test_list_candidates" time="0.042" /><testcase classname="tests.test_bug_fixes.TestCandidateEndpoints" name="test_search_candidates" time="0.042" /><testcase classname="tests.test_bug_fixes.TestJobEndpoints" name="test_list_jobs" time="0.304" /><testcase classname="tests.test_bug_fixes.TestJobEndpoints" name="test_get_specific_job" time="0.040" /><testcase classname="tests.test_bug_fixes.TestSerializationIntegrity" name="test_company_endpoint_serialization" time="0.295" /><testcase classname="tests.test_bug_fixes.TestSerializationIntegrity" name="test_settings_endpoint_serialization" time="0.037" /><testcase classname="tests.test_bug_fixes.TestSerializationIntegrity" name="test_dashboard_stats_serialization" time="0.040" /></testsuite></testsuites>